[21-Oct-2018 07:58:54 UTC] PHP Warning:  include(../../views/layouts/admin/application.html.php): failed to open stream: No such file or directory in /home/ubuntu/workspace/group-2/views/static/admin/index.html.php on line 1
[21-Oct-2018 07:58:54 UTC] PHP Stack trace:
[21-Oct-2018 07:58:54 UTC] PHP   1. {main}() /home/ubuntu/workspace/group-2/views/static/admin/index.html.php:0
[21-Oct-2018 07:58:54 UTC] PHP Warning:  include(): Failed opening '../../views/layouts/admin/application.html.php' for inclusion (include_path='.:/usr/share/php:/usr/share/pear') in /home/ubuntu/workspace/group-2/views/static/admin/index.html.php on line 1
[21-Oct-2018 07:58:54 UTC] PHP Stack trace:
[21-Oct-2018 07:58:54 UTC] PHP   1. {main}() /home/ubuntu/workspace/group-2/views/static/admin/index.html.php:0
[21-Oct-2018 07:58:54 UTC] PHP Warning:  include(../../views/layouts/admin/footer.html.php): failed to open stream: No such file or directory in /home/ubuntu/workspace/group-2/views/static/admin/index.html.php on line 130
[21-Oct-2018 07:58:54 UTC] PHP Stack trace:
[21-Oct-2018 07:58:54 UTC] PHP   1. {main}() /home/ubuntu/workspace/group-2/views/static/admin/index.html.php:0
[21-Oct-2018 07:58:54 UTC] PHP Warning:  include(): Failed opening '../../views/layouts/admin/footer.html.php' for inclusion (include_path='.:/usr/share/php:/usr/share/pear') in /home/ubuntu/workspace/group-2/views/static/admin/index.html.php on line 130
[21-Oct-2018 07:58:54 UTC] PHP Stack trace:
[21-Oct-2018 07:58:54 UTC] PHP   1. {main}() /home/ubuntu/workspace/group-2/views/static/admin/index.html.php:0
[21-Oct-2018 10:13:35 UTC] PHP Warning:  include(../../views/layouts/admin/application.html.php): failed to open stream: No such file or directory in /home/ubuntu/workspace/group-2/views/static/admin/index.html.php on line 1
[21-Oct-2018 10:13:35 UTC] PHP Stack trace:
[21-Oct-2018 10:13:35 UTC] PHP   1. {main}() /home/ubuntu/workspace/group-2/views/static/admin/index.html.php:0
[21-Oct-2018 10:13:35 UTC] PHP Warning:  include(): Failed opening '../../views/layouts/admin/application.html.php' for inclusion (include_path='.:/usr/share/php:/usr/share/pear') in /home/ubuntu/workspace/group-2/views/static/admin/index.html.php on line 1
[21-Oct-2018 10:13:35 UTC] PHP Stack trace:
[21-Oct-2018 10:13:35 UTC] PHP   1. {main}() /home/ubuntu/workspace/group-2/views/static/admin/index.html.php:0
[21-Oct-2018 10:13:35 UTC] PHP Warning:  include(../../views/layouts/admin/footer.html.php): failed to open stream: No such file or directory in /home/ubuntu/workspace/group-2/views/static/admin/index.html.php on line 130
[21-Oct-2018 10:13:35 UTC] PHP Stack trace:
[21-Oct-2018 10:13:35 UTC] PHP   1. {main}() /home/ubuntu/workspace/group-2/views/static/admin/index.html.php:0
[21-Oct-2018 10:13:35 UTC] PHP Warning:  include(): Failed opening '../../views/layouts/admin/footer.html.php' for inclusion (include_path='.:/usr/share/php:/usr/share/pear') in /home/ubuntu/workspace/group-2/views/static/admin/index.html.php on line 130
[21-Oct-2018 10:13:35 UTC] PHP Stack trace:
[21-Oct-2018 10:13:35 UTC] PHP   1. {main}() /home/ubuntu/workspace/group-2/views/static/admin/index.html.php:0
